; Dateireihenfolge für solide Archive
;
; Hier können Sie die Dateiliste verändern, die festlegt, in welcher Reihenfolge
; RAR die Dateien bei der Erstellung von soliden Archiven hinzufügt.
;
; Diese Datei kann Dateinamen, Wildcards und den speziellen Eintrag $default 
; enthalten. Der Eintrag $default legt die Position in der Reihenfolgenliste
; für Dateien fest, die nicht zu anderen Einträgen in dieser Datei passen.
; Zeilen, die mit einem Semikolon ";" beginnen, werden als Komentare betrachtet
; und werden nicht verarbeitet.
;
; Platzieren Sie diese Datei im selben Verzeichnis wie RAR.EXE.
;
; Tipps zum Verbessern der Kompression und der Archivierungsgeschwindigkeit:
;
; - Dateien, die ähnliche Informationen enthalten, sollten im Archiv,
;   wenn möglich, zusammengefasst werden;
; - Dateien, auf die sehr häufig zugegriffen wird, sollten an den
;   Anfang gestellt werden.
;
file_id.diz
descript.ion
read.*
readme.*
*.nfo
*.doc
*.txt
*.htm
*.html
*.shtml
*.css
*.xsl
*.xml
*.js
*.php
*.lst
*.log
*.ini
*.bat
*.cmd
*.h
*.hpp
*.c
*.cpp
*.java
*.asm
*.bas
*.bak
*.cue
*.rtf
*.hlp
*.inf
*.com
*.exe
*.dll
*.obj
*.lib
*.sys
*.drv
*.bin
*.bmp
*.wav
$default
*.mp3
*.mp4
*.m4a
*.mov
*.avi
*.wmv
*.wma
*.gif
*.tif
*.png
*.jpg
*.jxl
*.chm
*.pdf
*.cab
*.7z
*.arj
*.ha
*.lz
*.lzh
*.rar
*.zip
*.gz
*.bz2
*.xz
*.zst
*.zstd
*.jar
*.avif
*.fla
*.flac
*.heif
*.ape
*.bik
*.mkv
